\BOOKMARK [1][-]{section.1}{Einleitung}{}% 1
\BOOKMARK [2][-]{subsection.1.1}{Kurzbeschreibung}{section.1}% 2
\BOOKMARK [2][-]{subsection.1.2}{Vorgehensweise}{section.1}% 3
\BOOKMARK [1][-]{section.2}{Projektmanagement und Organisation}{}% 4
\BOOKMARK [2][-]{subsection.2.1}{Intact GmbH}{section.2}% 5
\BOOKMARK [1][-]{section.3}{Technologien}{}% 6
\BOOKMARK [2][-]{subsection.3.1}{Allgemeines}{section.3}% 7
\BOOKMARK [2][-]{subsection.3.2}{Programmierung}{section.3}% 8
\BOOKMARK [3][-]{subsubsection.3.2.1}{Visual Studio 17 Community}{subsection.3.2}% 9
\BOOKMARK [3][-]{subsubsection.3.2.2}{.net Framework 4.6}{subsection.3.2}% 10
\BOOKMARK [3][-]{subsubsection.3.2.3}{asp.net}{subsection.3.2}% 11
\BOOKMARK [3][-]{subsubsection.3.2.4}{MSSQL}{subsection.3.2}% 12
\BOOKMARK [3][-]{subsubsection.3.2.5}{Microsoft SQL Server management Studios}{subsection.3.2}% 13
\BOOKMARK [3][-]{subsubsection.3.2.6}{Entity Framework}{subsection.3.2}% 14
\BOOKMARK [3][-]{subsubsection.3.2.7}{iCal}{subsection.3.2}% 15
\BOOKMARK [3][-]{subsubsection.3.2.8}{ReSharper}{subsection.3.2}% 16
\BOOKMARK [3][-]{subsubsection.3.2.9}{PostMan}{subsection.3.2}% 17
\BOOKMARK [2][-]{subsection.3.3}{Kommunikation}{section.3}% 18
\BOOKMARK [3][-]{subsubsection.3.3.1}{Discord}{subsection.3.3}% 19
\BOOKMARK [3][-]{subsubsection.3.3.2}{Telegram}{subsection.3.3}% 20
\BOOKMARK [2][-]{subsection.3.4}{File Sharing}{section.3}% 21
\BOOKMARK [3][-]{subsubsection.3.4.1}{TFS}{subsection.3.4}% 22
\BOOKMARK [3][-]{subsubsection.3.4.2}{Discord}{subsection.3.4}% 23
\BOOKMARK [3][-]{subsubsection.3.4.3}{Google Drive}{subsection.3.4}% 24
\BOOKMARK [2][-]{subsection.3.5}{Organisation}{section.3}% 25
\BOOKMARK [3][-]{subsubsection.3.5.1}{Trello}{subsection.3.5}% 26
\BOOKMARK [3][-]{subsubsection.3.5.2}{Discord}{subsection.3.5}% 27
\BOOKMARK [2][-]{subsection.3.6}{Schriftliche Arbeit}{section.3}% 28
\BOOKMARK [3][-]{subsubsection.3.6.1}{LaTeX}{subsection.3.6}% 29
\BOOKMARK [1][-]{section.4}{iCal-Format}{}% 30
\BOOKMARK [2][-]{subsection.4.1}{Allgemeines}{section.4}% 31
\BOOKMARK [2][-]{subsection.4.2}{Einbindung in Kalender-Apps}{section.4}% 32
\BOOKMARK [2][-]{subsection.4.3}{Keywords}{section.4}% 33
\BOOKMARK [1][-]{section.5}{Datenbank}{}% 34
\BOOKMARK [2][-]{subsection.5.1}{MSSQL}{section.5}% 35
\BOOKMARK [2][-]{subsection.5.2}{Aufbau}{section.5}% 36
\BOOKMARK [1][-]{section.6}{Parser}{}% 37
\BOOKMARK [2][-]{subsection.6.1}{Aufgabe}{section.6}% 38
\BOOKMARK [2][-]{subsection.6.2}{Entity Framework}{section.6}% 39
\BOOKMARK [3][-]{subsubsection.6.2.1}{Funktionsweise}{subsection.6.2}% 40
\BOOKMARK [3][-]{subsubsection.6.2.2}{Anwendung}{subsection.6.2}% 41
\BOOKMARK [1][-]{section.7}{Webseite}{}% 42
\BOOKMARK [2][-]{subsection.7.1}{Security}{section.7}% 43
\BOOKMARK [1][-]{section.8}{Tests}{}% 44
\BOOKMARK [2][-]{subsection.8.1}{Allgemeines}{section.8}% 45
\BOOKMARK [2][-]{subsection.8.2}{iCal}{section.8}% 46
\BOOKMARK [2][-]{subsection.8.3}{Website-Security}{section.8}% 47
\BOOKMARK [1][-]{section.9}{Literatur und Quellenverzeichnis}{}% 48
\BOOKMARK [1][-]{section.10}{Abbildungsverzeichnis}{}% 49
\BOOKMARK [1][-]{section.11}{Tabellenverzeichnis}{}% 50
\BOOKMARK [1][-]{section.12}{Abk\374rzungsprotokoll}{}% 51
