\BOOKMARK [1][-]{section.1}{Aufgabenstellung}{}% 1
\BOOKMARK [2][-]{subsection.1.1}{Technische Aspekte der Aufgabenstellung}{section.1}% 2
\BOOKMARK [1][-]{section.2}{Projektmanagement und Organisation}{}% 3
\BOOKMARK [2][-]{subsection.2.1}{Team}{section.2}% 4
\BOOKMARK [2][-]{subsection.2.2}{Auftraggeber - Intact Systems}{section.2}% 5
\BOOKMARK [2][-]{subsection.2.3}{Projektmanagement}{section.2}% 6
\BOOKMARK [3][-]{subsubsection.2.3.1}{Scrum}{subsection.2.3}% 7
\BOOKMARK [2][-]{subsection.2.4}{Arbeitsteilung}{section.2}% 8
\BOOKMARK [3][-]{subsubsection.2.4.1}{Projektstrukturplan}{subsection.2.4}% 9
\BOOKMARK [3][-]{subsubsection.2.4.2}{VMI-Matrix}{subsection.2.4}% 10
\BOOKMARK [1][-]{section.3}{iCal}{}% 11
\BOOKMARK [2][-]{subsection.3.1}{Was ist iCal?}{section.3}% 12
\BOOKMARK [2][-]{subsection.3.2}{Warum wurde iCal verwendet?}{section.3}% 13
\BOOKMARK [2][-]{subsection.3.3}{Aufbau einer iCal-Datei}{section.3}% 14
\BOOKMARK [2][-]{subsection.3.4}{Keywords}{section.3}% 15
\BOOKMARK [3][-]{subsubsection.3.4.1}{VCALENDAR}{subsection.3.4}% 16
\BOOKMARK [3][-]{subsubsection.3.4.2}{VEVENT}{subsection.3.4}% 17
\BOOKMARK [3][-]{subsubsection.3.4.3}{VTODO}{subsection.3.4}% 18
\BOOKMARK [3][-]{subsubsection.3.4.4}{VALARM}{subsection.3.4}% 19
\BOOKMARK [3][-]{subsubsection.3.4.5}{BEGIN: und END:}{subsection.3.4}% 20
\BOOKMARK [3][-]{subsubsection.3.4.6}{UID}{subsection.3.4}% 21
\BOOKMARK [3][-]{subsubsection.3.4.7}{SUMMARY}{subsection.3.4}% 22
\BOOKMARK [3][-]{subsubsection.3.4.8}{DTSTART}{subsection.3.4}% 23
\BOOKMARK [3][-]{subsubsection.3.4.9}{DTEND}{subsection.3.4}% 24
\BOOKMARK [3][-]{subsubsection.3.4.10}{DTSTAMP}{subsection.3.4}% 25
\BOOKMARK [3][-]{subsubsection.3.4.11}{COMMENT}{subsection.3.4}% 26
\BOOKMARK [3][-]{subsubsection.3.4.12}{DESCRIPTION}{subsection.3.4}% 27
\BOOKMARK [3][-]{subsubsection.3.4.13}{LOCATION}{subsection.3.4}% 28
\BOOKMARK [3][-]{subsubsection.3.4.14}{PRIORITY}{subsection.3.4}% 29
\BOOKMARK [3][-]{subsubsection.3.4.15}{RRULE}{subsection.3.4}% 30
\BOOKMARK [3][-]{subsubsection.3.4.16}{DUE}{subsection.3.4}% 31
\BOOKMARK [3][-]{subsubsection.3.4.17}{CLASS}{subsection.3.4}% 32
\BOOKMARK [3][-]{subsubsection.3.4.18}{ORGANIZER}{subsection.3.4}% 33
\BOOKMARK [3][-]{subsubsection.3.4.19}{STATUS}{subsection.3.4}% 34
\BOOKMARK [3][-]{subsubsection.3.4.20}{ATTENDEE}{subsection.3.4}% 35
\BOOKMARK [3][-]{subsubsection.3.4.21}{TRANSP}{subsection.3.4}% 36
\BOOKMARK [3][-]{subsubsection.3.4.22}{TRIGGER}{subsection.3.4}% 37
\BOOKMARK [3][-]{subsubsection.3.4.23}{REPEAT}{subsection.3.4}% 38
\BOOKMARK [3][-]{subsubsection.3.4.24}{DURATION}{subsection.3.4}% 39
\BOOKMARK [3][-]{subsubsection.3.4.25}{ACTION}{subsection.3.4}% 40
\BOOKMARK [3][-]{subsubsection.3.4.26}{ATTACH}{subsection.3.4}% 41
\BOOKMARK [3][-]{subsubsection.3.4.27}{Beispiel}{subsection.3.4}% 42
\BOOKMARK [1][-]{section.4}{Datenbank}{}% 43
\BOOKMARK [2][-]{subsection.4.1}{Funktion der Datenbank}{section.4}% 44
\BOOKMARK [2][-]{subsection.4.2}{Aufbau der Datenbank}{section.4}% 45
\BOOKMARK [1][-]{section.5}{Parser}{}% 46
\BOOKMARK [2][-]{subsection.5.1}{Aufgabe}{section.5}% 47
\BOOKMARK [3][-]{subsubsection.5.1.1}{Source-Code}{subsection.5.1}% 48
\BOOKMARK [2][-]{subsection.5.2}{Entity Framework}{section.5}% 49
\BOOKMARK [3][-]{subsubsection.5.2.1}{Funktionsweise}{subsection.5.2}% 50
\BOOKMARK [3][-]{subsubsection.5.2.2}{Anwendung}{subsection.5.2}% 51
\BOOKMARK [3][-]{subsubsection.5.2.3}{Source-Code}{subsection.5.2}% 52
\BOOKMARK [1][-]{section.6}{Technologien}{}% 53
\BOOKMARK [2][-]{subsection.6.1}{Allgemeines}{section.6}% 54
\BOOKMARK [2][-]{subsection.6.2}{Programmierung}{section.6}% 55
\BOOKMARK [3][-]{subsubsection.6.2.1}{C\043}{subsection.6.2}% 56
\BOOKMARK [3][-]{subsubsection.6.2.2}{Visual Studio 17 Community}{subsection.6.2}% 57
\BOOKMARK [3][-]{subsubsection.6.2.3}{.NET Framework 4.6}{subsection.6.2}% 58
\BOOKMARK [3][-]{subsubsection.6.2.4}{asp.net}{subsection.6.2}% 59
\BOOKMARK [3][-]{subsubsection.6.2.5}{MSSQL}{subsection.6.2}% 60
\BOOKMARK [3][-]{subsubsection.6.2.6}{Microsoft SQL Server management Studios}{subsection.6.2}% 61
\BOOKMARK [3][-]{subsubsection.6.2.7}{Entity Framework}{subsection.6.2}% 62
\BOOKMARK [3][-]{subsubsection.6.2.8}{iCal}{subsection.6.2}% 63
\BOOKMARK [3][-]{subsubsection.6.2.9}{ReSharper}{subsection.6.2}% 64
\BOOKMARK [3][-]{subsubsection.6.2.10}{PostMan}{subsection.6.2}% 65
\BOOKMARK [2][-]{subsection.6.3}{Kommunikation}{section.6}% 66
\BOOKMARK [3][-]{subsubsection.6.3.1}{Discord}{subsection.6.3}% 67
\BOOKMARK [3][-]{subsubsection.6.3.2}{Telegram}{subsection.6.3}% 68
\BOOKMARK [2][-]{subsection.6.4}{File Sharing}{section.6}% 69
\BOOKMARK [3][-]{subsubsection.6.4.1}{TFS}{subsection.6.4}% 70
\BOOKMARK [3][-]{subsubsection.6.4.2}{Discord}{subsection.6.4}% 71
\BOOKMARK [3][-]{subsubsection.6.4.3}{Google Drive}{subsection.6.4}% 72
\BOOKMARK [2][-]{subsection.6.5}{Organisation}{section.6}% 73
\BOOKMARK [3][-]{subsubsection.6.5.1}{Trello}{subsection.6.5}% 74
\BOOKMARK [2][-]{subsection.6.6}{Schriftliche Arbeit}{section.6}% 75
\BOOKMARK [3][-]{subsubsection.6.6.1}{LaTeX}{subsection.6.6}% 76
\BOOKMARK [1][-]{section.7}{Webseite-Security}{}% 77
\BOOKMARK [2][-]{subsection.7.1}{Login Handling}{section.7}% 78
\BOOKMARK [3][-]{subsubsection.7.1.1}{Der Login Code}{subsection.7.1}% 79
\BOOKMARK [2][-]{subsection.7.2}{Two-Factor-Auth}{section.7}% 80
\BOOKMARK [3][-]{subsubsection.7.2.1}{Was ist Two-Factor Authentication}{subsection.7.2}% 81
\BOOKMARK [3][-]{subsubsection.7.2.2}{2FA Login Code}{subsection.7.2}% 82
\BOOKMARK [2][-]{subsection.7.3}{Path-Traversal}{section.7}% 83
\BOOKMARK [3][-]{subsubsection.7.3.1}{Grundprinzip}{subsection.7.3}% 84
\BOOKMARK [3][-]{subsubsection.7.3.2}{Beispiele}{subsection.7.3}% 85
\BOOKMARK [3][-]{subsubsection.7.3.3}{Protection Path-Traversal}{subsection.7.3}% 86
\BOOKMARK [2][-]{subsection.7.4}{XSS Protection}{section.7}% 87
\BOOKMARK [3][-]{subsubsection.7.4.1}{Allgemeines \374ber XSS}{subsection.7.4}% 88
\BOOKMARK [3][-]{subsubsection.7.4.2}{XSS Targets:}{subsection.7.4}% 89
\BOOKMARK [3][-]{subsubsection.7.4.3}{Warum ist Javascript so beliebt?}{subsection.7.4}% 90
\BOOKMARK [3][-]{subsubsection.7.4.4}{Beliebte Angriffsvektoren}{subsection.7.4}% 91
\BOOKMARK [3][-]{subsubsection.7.4.5}{Session Hijacking}{subsection.7.4}% 92
\BOOKMARK [3][-]{subsubsection.7.4.6}{Website-Defacements}{subsection.7.4}% 93
\BOOKMARK [3][-]{subsubsection.7.4.7}{Phishing}{subsection.7.4}% 94
\BOOKMARK [3][-]{subsubsection.7.4.8}{Cross-Site-Tracing XST}{subsection.7.4}% 95
\BOOKMARK [3][-]{subsubsection.7.4.9}{Beispiel}{subsection.7.4}% 96
\BOOKMARK [3][-]{subsubsection.7.4.10}{Wie wird XSS Protection gew\344hrleistet}{subsection.7.4}% 97
\BOOKMARK [3][-]{subsubsection.7.4.11}{HTTP}{subsection.7.4}% 98
\BOOKMARK [2][-]{subsection.7.5}{XSRF/CSRF Protection}{section.7}% 99
\BOOKMARK [3][-]{subsubsection.7.5.1}{Was ist XSRF/CSRF}{subsection.7.5}% 100
\BOOKMARK [3][-]{subsubsection.7.5.2}{Wie Funktioniert eine Solche Attacke}{subsection.7.5}% 101
\BOOKMARK [3][-]{subsubsection.7.5.3}{Verhindern}{subsection.7.5}% 102
\BOOKMARK [2][-]{subsection.7.6}{Hashes}{section.7}% 103
\BOOKMARK [3][-]{subsubsection.7.6.1}{HASH Kollisionen}{subsection.7.6}% 104
\BOOKMARK [2][-]{subsection.7.7}{Wie funktioniert ein HASH Algorithmus}{section.7}% 105
\BOOKMARK [3][-]{subsubsection.7.7.1}{Allgemeines \374ber SHA256}{subsection.7.7}% 106
\BOOKMARK [3][-]{subsubsection.7.7.2}{Der Algorithmus}{subsection.7.7}% 107
\BOOKMARK [3][-]{subsubsection.7.7.3}{Das Padding}{subsection.7.7}% 108
\BOOKMARK [3][-]{subsubsection.7.7.4}{Block decomposition}{subsection.7.7}% 109
\BOOKMARK [2][-]{subsection.7.8}{Password Hashes}{section.7}% 110
\BOOKMARK [1][-]{section.8}{ASP.NET MVC}{}% 111
\BOOKMARK [2][-]{subsection.8.1}{Allgemeines MVC}{section.8}% 112
\BOOKMARK [2][-]{subsection.8.2}{Erstellung der Webseite}{section.8}% 113
\BOOKMARK [2][-]{subsection.8.3}{Aufbau der Webseite }{section.8}% 114
\BOOKMARK [2][-]{subsection.8.4}{Link generation}{section.8}% 115
\BOOKMARK [2][-]{subsection.8.5}{Controller}{section.8}% 116
\BOOKMARK [3][-]{subsubsection.8.5.1}{Controller Actions}{subsection.8.5}% 117
\BOOKMARK [3][-]{subsubsection.8.5.2}{Action Results}{subsection.8.5}% 118
\BOOKMARK [2][-]{subsection.8.6}{Views}{section.8}% 119
\BOOKMARK [3][-]{subsubsection.8.6.1}{Beispiel einer View}{subsection.8.6}% 120
\BOOKMARK [2][-]{subsection.8.7}{User Datenbank}{section.8}% 121
\BOOKMARK [3][-]{subsubsection.8.7.1}{Salt}{subsection.8.7}% 122
\BOOKMARK [3][-]{subsubsection.8.7.2}{Warum Salt}{subsection.8.7}% 123
