\BOOKMARK [0][-]{chapter.1}{\376\377\000A\000u\000f\000g\000a\000b\000e\000n\000s\000t\000e\000l\000l\000u\000n\000g}{}% 1
\BOOKMARK [1][-]{section.1.1}{\376\377\000T\000e\000c\000h\000n\000i\000s\000c\000h\000e\000\040\000A\000s\000p\000e\000k\000t\000e\000\040\000d\000e\000r\000\040\000A\000u\000f\000g\000a\000b\000e\000n\000s\000t\000e\000l\000l\000u\000n\000g}{chapter.1}% 2
\BOOKMARK [1][-]{section.1.2}{\376\377\000T\000e\000a\000m}{chapter.1}% 3
\BOOKMARK [0][-]{chapter.2}{\376\377\000P\000r\000o\000j\000e\000k\000t\000m\000a\000n\000a\000g\000e\000m\000e\000n\000t\000\040\000u\000n\000d\000\040\000O\000r\000g\000a\000n\000i\000s\000a\000t\000i\000o\000n}{}% 4
\BOOKMARK [1][-]{section.2.1}{\376\377\000A\000u\000f\000t\000r\000a\000g\000g\000e\000b\000e\000r\000\040\000-\000\040\000I\000n\000t\000a\000c\000t\000\040\000S\000y\000s\000t\000e\000m\000s}{chapter.2}% 5
\BOOKMARK [1][-]{section.2.2}{\376\377\000P\000r\000o\000j\000e\000k\000t\000m\000a\000n\000a\000g\000e\000m\000e\000n\000t}{chapter.2}% 6
\BOOKMARK [2][-]{subsection.2.2.1}{\376\377\000S\000c\000r\000u\000m}{section.2.2}% 7
\BOOKMARK [1][-]{section.2.3}{\376\377\000A\000r\000b\000e\000i\000t\000s\000t\000e\000i\000l\000u\000n\000g}{chapter.2}% 8
\BOOKMARK [2][-]{subsection.2.3.1}{\376\377\000P\000r\000o\000j\000e\000k\000t\000s\000t\000r\000u\000k\000t\000u\000r\000p\000l\000a\000n}{section.2.3}% 9
\BOOKMARK [2][-]{subsection.2.3.2}{\376\377\000V\000M\000I\000-\000M\000a\000t\000r\000i\000x}{section.2.3}% 10
\BOOKMARK [0][-]{chapter.3}{\376\377\000i\000C\000a\000l}{}% 11
\BOOKMARK [1][-]{section.3.1}{\376\377\000W\000a\000s\000\040\000i\000s\000t\000\040\000i\000C\000a\000l\000?}{chapter.3}% 12
\BOOKMARK [1][-]{section.3.2}{\376\377\000W\000a\000r\000u\000m\000\040\000w\000u\000r\000d\000e\000\040\000i\000C\000a\000l\000\040\000v\000e\000r\000w\000e\000n\000d\000e\000t\000?}{chapter.3}% 13
\BOOKMARK [1][-]{section.3.3}{\376\377\000A\000u\000f\000b\000a\000u\000\040\000e\000i\000n\000e\000r\000\040\000i\000C\000a\000l\000-\000D\000a\000t\000e\000i}{chapter.3}% 14
\BOOKMARK [1][-]{section.3.4}{\376\377\000K\000e\000y\000w\000o\000r\000d\000s}{chapter.3}% 15
\BOOKMARK [2][-]{subsection.3.4.1}{\376\377\000V\000C\000A\000L\000E\000N\000D\000A\000R}{section.3.4}% 16
\BOOKMARK [2][-]{subsection.3.4.2}{\376\377\000V\000E\000V\000E\000N\000T}{section.3.4}% 17
\BOOKMARK [2][-]{subsection.3.4.3}{\376\377\000V\000T\000O\000D\000O}{section.3.4}% 18
\BOOKMARK [2][-]{subsection.3.4.4}{\376\377\000V\000A\000L\000A\000R\000M}{section.3.4}% 19
\BOOKMARK [2][-]{subsection.3.4.5}{\376\377\000B\000E\000G\000I\000N\000:\000\040\000u\000n\000d\000\040\000E\000N\000D\000:}{section.3.4}% 20
\BOOKMARK [2][-]{subsection.3.4.6}{\376\377\000U\000I\000D}{section.3.4}% 21
\BOOKMARK [2][-]{subsection.3.4.7}{\376\377\000S\000U\000M\000M\000A\000R\000Y}{section.3.4}% 22
\BOOKMARK [2][-]{subsection.3.4.8}{\376\377\000D\000T\000S\000T\000A\000R\000T}{section.3.4}% 23
\BOOKMARK [2][-]{subsection.3.4.9}{\376\377\000D\000T\000E\000N\000D}{section.3.4}% 24
\BOOKMARK [2][-]{subsection.3.4.10}{\376\377\000D\000T\000S\000T\000A\000M\000P}{section.3.4}% 25
\BOOKMARK [2][-]{subsection.3.4.11}{\376\377\000C\000O\000M\000M\000E\000N\000T}{section.3.4}% 26
\BOOKMARK [2][-]{subsection.3.4.12}{\376\377\000D\000E\000S\000C\000R\000I\000P\000T\000I\000O\000N}{section.3.4}% 27
\BOOKMARK [2][-]{subsection.3.4.13}{\376\377\000L\000O\000C\000A\000T\000I\000O\000N}{section.3.4}% 28
\BOOKMARK [2][-]{subsection.3.4.14}{\376\377\000P\000R\000I\000O\000R\000I\000T\000Y}{section.3.4}% 29
\BOOKMARK [2][-]{subsection.3.4.15}{\376\377\000R\000R\000U\000L\000E}{section.3.4}% 30
\BOOKMARK [2][-]{subsection.3.4.16}{\376\377\000D\000U\000E}{section.3.4}% 31
\BOOKMARK [2][-]{subsection.3.4.17}{\376\377\000C\000L\000A\000S\000S}{section.3.4}% 32
\BOOKMARK [2][-]{subsection.3.4.18}{\376\377\000O\000R\000G\000A\000N\000I\000Z\000E\000R}{section.3.4}% 33
\BOOKMARK [2][-]{subsection.3.4.19}{\376\377\000S\000T\000A\000T\000U\000S}{section.3.4}% 34
\BOOKMARK [2][-]{subsection.3.4.20}{\376\377\000A\000T\000T\000E\000N\000D\000E\000E}{section.3.4}% 35
\BOOKMARK [2][-]{subsection.3.4.21}{\376\377\000T\000R\000A\000N\000S\000P}{section.3.4}% 36
\BOOKMARK [2][-]{subsection.3.4.22}{\376\377\000T\000R\000I\000G\000G\000E\000R}{section.3.4}% 37
\BOOKMARK [2][-]{subsection.3.4.23}{\376\377\000R\000E\000P\000E\000A\000T}{section.3.4}% 38
\BOOKMARK [2][-]{subsection.3.4.24}{\376\377\000D\000U\000R\000A\000T\000I\000O\000N}{section.3.4}% 39
\BOOKMARK [2][-]{subsection.3.4.25}{\376\377\000A\000C\000T\000I\000O\000N}{section.3.4}% 40
\BOOKMARK [2][-]{subsection.3.4.26}{\376\377\000A\000T\000T\000A\000C\000H}{section.3.4}% 41
\BOOKMARK [2][-]{subsection.3.4.27}{\376\377\000B\000e\000i\000s\000p\000i\000e\000l}{section.3.4}% 42
\BOOKMARK [0][-]{chapter.4}{\376\377\000D\000a\000t\000e\000n\000b\000a\000n\000k}{}% 43
\BOOKMARK [1][-]{section.4.1}{\376\377\000F\000u\000n\000k\000t\000i\000o\000n\000\040\000d\000e\000r\000\040\000D\000a\000t\000e\000n\000b\000a\000n\000k}{chapter.4}% 44
\BOOKMARK [1][-]{section.4.2}{\376\377\000A\000u\000f\000b\000a\000u\000\040\000d\000e\000r\000\040\000D\000a\000t\000e\000n\000b\000a\000n\000k}{chapter.4}% 45
\BOOKMARK [0][-]{chapter.5}{\376\377\000P\000a\000r\000s\000e\000r}{}% 46
\BOOKMARK [1][-]{section.5.1}{\376\377\000A\000u\000f\000g\000a\000b\000e}{chapter.5}% 47
\BOOKMARK [2][-]{subsection.5.1.1}{\376\377\000S\000o\000u\000r\000c\000e\000-\000C\000o\000d\000e}{section.5.1}% 48
\BOOKMARK [1][-]{section.5.2}{\376\377\000E\000n\000t\000i\000t\000y\000\040\000F\000r\000a\000m\000e\000w\000o\000r\000k}{chapter.5}% 49
\BOOKMARK [2][-]{subsection.5.2.1}{\376\377\000S\000o\000u\000r\000c\000e\000-\000C\000o\000d\000e}{section.5.2}% 50
\BOOKMARK [0][-]{chapter.6}{\376\377\000T\000e\000c\000h\000n\000o\000l\000o\000g\000i\000e\000n}{}% 51
\BOOKMARK [1][-]{section.6.1}{\376\377\000A\000l\000l\000g\000e\000m\000e\000i\000n\000e\000s}{chapter.6}% 52
\BOOKMARK [1][-]{section.6.2}{\376\377\000P\000r\000o\000g\000r\000a\000m\000m\000i\000e\000r\000u\000n\000g}{chapter.6}% 53
\BOOKMARK [2][-]{subsection.6.2.1}{\376\377\000C\000\043}{section.6.2}% 54
\BOOKMARK [2][-]{subsection.6.2.2}{\376\377\000V\000i\000s\000u\000a\000l\000\040\000S\000t\000u\000d\000i\000o\000\040\0001\0007\000\040\000C\000o\000m\000m\000u\000n\000i\000t\000y}{section.6.2}% 55
\BOOKMARK [2][-]{subsection.6.2.3}{\376\377\000.\000N\000E\000T\000\040\000F\000r\000a\000m\000e\000w\000o\000r\000k\000\040\0004\000.\0006}{section.6.2}% 56
\BOOKMARK [2][-]{subsection.6.2.4}{\376\377\000a\000s\000p\000.\000n\000e\000t}{section.6.2}% 57
\BOOKMARK [2][-]{subsection.6.2.5}{\376\377\000M\000S\000S\000Q\000L}{section.6.2}% 58
\BOOKMARK [2][-]{subsection.6.2.6}{\376\377\000M\000i\000c\000r\000o\000s\000o\000f\000t\000\040\000S\000Q\000L\000\040\000S\000e\000r\000v\000e\000r\000\040\000m\000a\000n\000a\000g\000e\000m\000e\000n\000t\000\040\000S\000t\000u\000d\000i\000o\000s}{section.6.2}% 59
\BOOKMARK [2][-]{subsection.6.2.7}{\376\377\000E\000n\000t\000i\000t\000y\000\040\000F\000r\000a\000m\000e\000w\000o\000r\000k}{section.6.2}% 60
\BOOKMARK [2][-]{subsection.6.2.8}{\376\377\000i\000C\000a\000l}{section.6.2}% 61
\BOOKMARK [2][-]{subsection.6.2.9}{\376\377\000R\000e\000S\000h\000a\000r\000p\000e\000r}{section.6.2}% 62
\BOOKMARK [2][-]{subsection.6.2.10}{\376\377\000P\000o\000s\000t\000M\000a\000n}{section.6.2}% 63
\BOOKMARK [1][-]{section.6.3}{\376\377\000K\000o\000m\000m\000u\000n\000i\000k\000a\000t\000i\000o\000n}{chapter.6}% 64
\BOOKMARK [2][-]{subsection.6.3.1}{\376\377\000D\000i\000s\000c\000o\000r\000d}{section.6.3}% 65
\BOOKMARK [2][-]{subsection.6.3.2}{\376\377\000T\000e\000l\000e\000g\000r\000a\000m}{section.6.3}% 66
\BOOKMARK [1][-]{section.6.4}{\376\377\000F\000i\000l\000e\000\040\000S\000h\000a\000r\000i\000n\000g}{chapter.6}% 67
\BOOKMARK [2][-]{subsection.6.4.1}{\376\377\000T\000F\000S}{section.6.4}% 68
\BOOKMARK [2][-]{subsection.6.4.2}{\376\377\000D\000i\000s\000c\000o\000r\000d}{section.6.4}% 69
\BOOKMARK [2][-]{subsection.6.4.3}{\376\377\000G\000o\000o\000g\000l\000e\000\040\000D\000r\000i\000v\000e}{section.6.4}% 70
\BOOKMARK [1][-]{section.6.5}{\376\377\000O\000r\000g\000a\000n\000i\000s\000a\000t\000i\000o\000n}{chapter.6}% 71
\BOOKMARK [2][-]{subsection.6.5.1}{\376\377\000T\000r\000e\000l\000l\000o}{section.6.5}% 72
\BOOKMARK [1][-]{section.6.6}{\376\377\000S\000c\000h\000r\000i\000f\000t\000l\000i\000c\000h\000e\000\040\000A\000r\000b\000e\000i\000t}{chapter.6}% 73
\BOOKMARK [2][-]{subsection.6.6.1}{\376\377\000L\000a\000T\000e\000X}{section.6.6}% 74
\BOOKMARK [0][-]{chapter.7}{\376\377\000W\000e\000b\000s\000e\000i\000t\000e\000-\000S\000e\000c\000u\000r\000i\000t\000y}{}% 75
\BOOKMARK [1][-]{section.7.1}{\376\377\000L\000o\000g\000i\000n\000\040\000H\000a\000n\000d\000l\000i\000n\000g}{chapter.7}% 76
\BOOKMARK [2][-]{subsection.7.1.1}{\376\377\000D\000e\000r\000\040\000L\000o\000g\000i\000n\000\040\000C\000o\000d\000e}{section.7.1}% 77
\BOOKMARK [1][-]{section.7.2}{\376\377\000T\000w\000o\000-\000F\000a\000c\000t\000o\000r\000-\000A\000u\000t\000h}{chapter.7}% 78
\BOOKMARK [2][-]{subsection.7.2.1}{\376\377\000W\000a\000s\000\040\000i\000s\000t\000\040\000T\000w\000o\000-\000F\000a\000c\000t\000o\000r\000\040\000A\000u\000t\000h\000e\000n\000t\000i\000c\000a\000t\000i\000o\000n}{section.7.2}% 79
\BOOKMARK [2][-]{subsection.7.2.2}{\376\377\0002\000F\000A\000\040\000L\000o\000g\000i\000n\000\040\000C\000o\000d\000e}{section.7.2}% 80
\BOOKMARK [1][-]{section.7.3}{\376\377\000P\000a\000t\000h\000-\000T\000r\000a\000v\000e\000r\000s\000a\000l}{chapter.7}% 81
\BOOKMARK [2][-]{subsection.7.3.1}{\376\377\000G\000r\000u\000n\000d\000p\000r\000i\000n\000z\000i\000p}{section.7.3}% 82
\BOOKMARK [2][-]{subsection.7.3.2}{\376\377\000B\000e\000i\000s\000p\000i\000e\000l\000e}{section.7.3}% 83
\BOOKMARK [2][-]{subsection.7.3.3}{\376\377\000P\000r\000o\000t\000e\000c\000t\000i\000o\000n\000\040\000P\000a\000t\000h\000-\000T\000r\000a\000v\000e\000r\000s\000a\000l}{section.7.3}% 84
\BOOKMARK [1][-]{section.7.4}{\376\377\000X\000S\000S\000\040\000P\000r\000o\000t\000e\000c\000t\000i\000o\000n}{chapter.7}% 85
\BOOKMARK [2][-]{subsection.7.4.1}{\376\377\000A\000l\000l\000g\000e\000m\000e\000i\000n\000e\000s\000\040\000\374\000b\000e\000r\000\040\000X\000S\000S}{section.7.4}% 86
\BOOKMARK [2][-]{subsection.7.4.2}{\376\377\000X\000S\000S\000\040\000T\000a\000r\000g\000e\000t\000s\000:}{section.7.4}% 87
\BOOKMARK [2][-]{subsection.7.4.3}{\376\377\000W\000a\000r\000u\000m\000\040\000i\000s\000t\000\040\000J\000a\000v\000a\000s\000c\000r\000i\000p\000t\000\040\000s\000o\000\040\000b\000e\000l\000i\000e\000b\000t\000?}{section.7.4}% 88
\BOOKMARK [2][-]{subsection.7.4.4}{\376\377\000B\000e\000l\000i\000e\000b\000t\000e\000\040\000A\000n\000g\000r\000i\000f\000f\000s\000v\000e\000k\000t\000o\000r\000e\000n}{section.7.4}% 89
\BOOKMARK [2][-]{subsection.7.4.5}{\376\377\000S\000e\000s\000s\000i\000o\000n\000\040\000H\000i\000j\000a\000c\000k\000i\000n\000g}{section.7.4}% 90
\BOOKMARK [2][-]{subsection.7.4.6}{\376\377\000W\000e\000b\000s\000i\000t\000e\000-\000D\000e\000f\000a\000c\000e\000m\000e\000n\000t\000s}{section.7.4}% 91
\BOOKMARK [2][-]{subsection.7.4.7}{\376\377\000P\000h\000i\000s\000h\000i\000n\000g}{section.7.4}% 92
\BOOKMARK [2][-]{subsection.7.4.8}{\376\377\000C\000r\000o\000s\000s\000-\000S\000i\000t\000e\000-\000T\000r\000a\000c\000i\000n\000g\000\040\000X\000S\000T}{section.7.4}% 93
\BOOKMARK [2][-]{subsection.7.4.9}{\376\377\000B\000e\000i\000s\000p\000i\000e\000l}{section.7.4}% 94
\BOOKMARK [2][-]{subsection.7.4.10}{\376\377\000W\000i\000e\000\040\000w\000i\000r\000d\000\040\000X\000S\000S\000\040\000P\000r\000o\000t\000e\000c\000t\000i\000o\000n\000\040\000g\000e\000w\000\344\000h\000r\000l\000e\000i\000s\000t\000e\000t}{section.7.4}% 95
\BOOKMARK [2][-]{subsection.7.4.11}{\376\377\000H\000T\000T\000P}{section.7.4}% 96
\BOOKMARK [1][-]{section.7.5}{\376\377\000X\000S\000R\000F\000/\000C\000S\000R\000F\000\040\000P\000r\000o\000t\000e\000c\000t\000i\000o\000n}{chapter.7}% 97
\BOOKMARK [2][-]{subsection.7.5.1}{\376\377\000W\000a\000s\000\040\000i\000s\000t\000\040\000X\000S\000R\000F\000/\000C\000S\000R\000F}{section.7.5}% 98
\BOOKMARK [2][-]{subsection.7.5.2}{\376\377\000W\000i\000e\000\040\000F\000u\000n\000k\000t\000i\000o\000n\000i\000e\000r\000t\000\040\000e\000i\000n\000e\000\040\000S\000o\000l\000c\000h\000e\000\040\000A\000t\000t\000a\000c\000k\000e}{section.7.5}% 99
\BOOKMARK [2][-]{subsection.7.5.3}{\376\377\000V\000e\000r\000h\000i\000n\000d\000e\000r\000n}{section.7.5}% 100
\BOOKMARK [1][-]{section.7.6}{\376\377\000H\000a\000s\000h\000e\000s}{chapter.7}% 101
\BOOKMARK [2][-]{subsection.7.6.1}{\376\377\000H\000a\000s\000h\000\040\000K\000o\000l\000l\000i\000s\000i\000o\000n\000e\000n}{section.7.6}% 102
\BOOKMARK [1][-]{section.7.7}{\376\377\000W\000i\000e\000\040\000f\000u\000n\000k\000t\000i\000o\000n\000i\000e\000r\000t\000\040\000e\000i\000n\000\040\000H\000a\000s\000h\000\040\000A\000l\000g\000o\000r\000i\000t\000h\000m\000u\000s}{chapter.7}% 103
\BOOKMARK [2][-]{subsection.7.7.1}{\376\377\000A\000l\000l\000g\000e\000m\000e\000i\000n\000e\000s\000\040\000\374\000b\000e\000r\000\040\000S\000H\000A\0002\0005\0006}{section.7.7}% 104
\BOOKMARK [2][-]{subsection.7.7.2}{\376\377\000D\000e\000r\000\040\000A\000l\000g\000o\000r\000i\000t\000h\000m\000u\000s}{section.7.7}% 105
\BOOKMARK [2][-]{subsection.7.7.3}{\376\377\000P\000a\000s\000s\000w\000o\000r\000t\000\040\000H\000a\000s\000h\000e\000s}{section.7.7}% 106
\BOOKMARK [0][-]{chapter.8}{\376\377\000A\000S\000P\000.\000N\000E\000T\000\040\000M\000V\000C}{}% 107
\BOOKMARK [1][-]{section.8.1}{\376\377\000A\000l\000l\000g\000e\000m\000e\000i\000n\000e\000s\000\040\000M\000V\000C}{chapter.8}% 108
\BOOKMARK [1][-]{section.8.2}{\376\377\000E\000r\000s\000t\000e\000l\000l\000u\000n\000g\000\040\000d\000e\000r\000\040\000W\000e\000b\000s\000e\000i\000t\000e}{chapter.8}% 109
\BOOKMARK [1][-]{section.8.3}{\376\377\000A\000u\000f\000b\000a\000u\000\040\000d\000e\000r\000\040\000W\000e\000b\000s\000e\000i\000t\000e}{chapter.8}% 110
\BOOKMARK [1][-]{section.8.4}{\376\377\000L\000i\000n\000k\000\040\000g\000e\000n\000e\000r\000a\000t\000i\000o\000n}{chapter.8}% 111
\BOOKMARK [1][-]{section.8.5}{\376\377\000C\000o\000n\000t\000r\000o\000l\000l\000e\000r}{chapter.8}% 112
\BOOKMARK [2][-]{subsection.8.5.1}{\376\377\000C\000o\000n\000t\000r\000o\000l\000l\000e\000r\000\040\000A\000c\000t\000i\000o\000n\000s}{section.8.5}% 113
\BOOKMARK [2][-]{subsection.8.5.2}{\376\377\000A\000c\000t\000i\000o\000n\000\040\000R\000e\000s\000u\000l\000t\000s}{section.8.5}% 114
\BOOKMARK [2][-]{subsection.8.5.3}{\376\377\000V\000i\000e\000w\000s}{section.8.5}% 115
\BOOKMARK [2][-]{subsection.8.5.4}{\376\377\000B\000e\000i\000s\000p\000i\000e\000l\000\040\000e\000i\000n\000e\000r\000\040\000V\000i\000e\000w}{section.8.5}% 116
\BOOKMARK [1][-]{section.8.6}{\376\377\000U\000s\000e\000r\000\040\000D\000a\000t\000e\000n\000b\000a\000n\000k}{chapter.8}% 117
\BOOKMARK [2][-]{subsection.8.6.1}{\376\377\000S\000a\000l\000t}{section.8.6}% 118
\BOOKMARK [0][-]{chapter*.26}{\376\377\000L\000i\000t\000e\000r\000a\000t\000u\000r}{}% 119
