\BOOKMARK [1][-]{section.1}{Webseite}{}% 1
\BOOKMARK [2][-]{subsection.1.1}{Security}{section.1}% 2
\BOOKMARK [3][-]{subsubsection.1.1.1}{Login Handling}{subsection.1.1}% 3
\BOOKMARK [3][-]{subsubsection.1.1.2}{Absicherung}{subsection.1.1}% 4
\BOOKMARK [3][-]{subsubsection.1.1.3}{Two-Factor-Auth}{subsection.1.1}% 5
\BOOKMARK [3][-]{subsubsection.1.1.4}{XSS Protection}{subsection.1.1}% 6
\BOOKMARK [3][-]{subsubsection.1.1.5}{Allgemeines \374ber XSS}{subsection.1.1}% 7
\BOOKMARK [3][-]{subsubsection.1.1.6}{XSS Targets:}{subsection.1.1}% 8
\BOOKMARK [3][-]{subsubsection.1.1.7}{Warum ist Javascript so beliebt?}{subsection.1.1}% 9
\BOOKMARK [3][-]{subsubsection.1.1.8}{Beliebte Angriffsvektoren}{subsection.1.1}% 10
\BOOKMARK [3][-]{subsubsection.1.1.9}{Session Hijacking}{subsection.1.1}% 11
\BOOKMARK [3][-]{subsubsection.1.1.10}{Website-Defacements}{subsection.1.1}% 12
\BOOKMARK [3][-]{subsubsection.1.1.11}{Phishing}{subsection.1.1}% 13
\BOOKMARK [3][-]{subsubsection.1.1.12}{Cross-Site-Tracing}{subsection.1.1}% 14
\BOOKMARK [3][-]{subsubsection.1.1.13}{XSRF/CSRF Protection}{subsection.1.1}% 15
\BOOKMARK [3][-]{subsubsection.1.1.14}{Sql-Injection Protection}{subsection.1.1}% 16
\BOOKMARK [3][-]{subsubsection.1.1.15}{Password Hashes}{subsection.1.1}% 17
\BOOKMARK [2][-]{subsection.1.2}{ASP.NET MVC}{section.1}% 18
\BOOKMARK [3][-]{subsubsection.1.2.1}{Allgemeines MVC}{subsection.1.2}% 19
\BOOKMARK [3][-]{subsubsection.1.2.2}{Aufbau der Webseite }{subsection.1.2}% 20
\BOOKMARK [3][-]{subsubsection.1.2.3}{Link generation}{subsection.1.2}% 21
\BOOKMARK [3][-]{subsubsection.1.2.4}{Controller}{subsection.1.2}% 22
\BOOKMARK [3][-]{subsubsection.1.2.5}{Views}{subsection.1.2}% 23
\BOOKMARK [3][-]{subsubsection.1.2.6}{Services}{subsection.1.2}% 24
\BOOKMARK [3][-]{subsubsection.1.2.7}{User Datenbank}{subsection.1.2}% 25
